\BOOKMARK [0][-]{title.0}{Titlepage}{}% 1
\BOOKMARK [1][-]{copyright.1}{Copyright}{title.0}% 2
\BOOKMARK [1][-]{dedication.1}{Dedication}{title.0}% 3
\BOOKMARK [1][-]{acknowledgements.1}{Acknowledgements}{title.0}% 4
\BOOKMARK [0][-]{toc.0}{Table of Contents}{}% 5
\BOOKMARK [0][-]{Tables.0}{List of Tables}{}% 6
\BOOKMARK [0][-]{Figures.0}{List of Figures}{}% 7
\BOOKMARK [0][-]{Algorithms.0}{List of Algorithms}{}% 8
\BOOKMARK [0][-]{abstract.0}{Abstract}{}% 9
\BOOKMARK [0][-]{chapter.1}{Chapter 1 \204 Introduction}{}% 10
\BOOKMARK [0][-]{chapter.2}{Chapter 2 \204 Background}{}% 11
\BOOKMARK [1][-]{section*.10}{Topology Primer}{chapter.2}% 12
\BOOKMARK [1][-]{section*.11}{A Brief Introduction to the h-Principle}{chapter.2}% 13
\BOOKMARK [1][-]{section*.12}{Homotopy Pullbacks and Homotopy Pushforwards}{chapter.2}% 14
\BOOKMARK [1][-]{section*.13}{Grassmannians Represent Vector Bundles}{chapter.2}% 15
\BOOKMARK [1][-]{section*.14}{Simple Spaces}{chapter.2}% 16
\BOOKMARK [0][-]{chapter.3}{Chapter 3 \204 Homotopy Groups of the space of Immersions}{}% 17
\BOOKMARK [1][-]{section*.18}{A Homotopy Equivalence Between Bundle Injections and Mapping Spaces}{chapter.3}% 18
\BOOKMARK [1][-]{section*.19}{Homotopy Groups of Mapping Spaces}{chapter.3}% 19
\BOOKMARK [1][-]{section*.21}{Connected Components of Mapping Spaces}{chapter.3}% 20
\BOOKMARK [1][-]{section*.24}{Comparing Homotopy Fibers}{chapter.3}% 21
\BOOKMARK [1][-]{section*.25}{Proof of Theorem W}{chapter.3}% 22
\BOOKMARK [1][-]{section*.26}{Immersions from Tori}{chapter.3}% 23
\BOOKMARK [0][-]{chapter.4}{Chapter 4 \204 Framed Immersions of the Torus}{}% 24
\BOOKMARK [1][-]{section*.30}{Moduli and Isogeny of Framed Tori}{chapter.4}% 25
\BOOKMARK [1][-]{section*.31}{Framings}{chapter.4}% 26
\BOOKMARK [1][-]{section*.32}{Moduli of Framed Tori}{chapter.4}% 27
\BOOKMARK [1][-]{section*.33}{Proof of Theorem X and Corollary 4.0.89}{chapter.4}% 28
\BOOKMARK [1][-]{section*.34}{Comparison with Sheering}{chapter.4}% 29
\BOOKMARK [0][-]{section*.35}{References Cited}{}% 30
\BOOKMARK [0][-]{section*.36}{APPENDICES}{}% 31
\BOOKMARK [1][-]{appendix.A}{APPENDIX A: \040Some Facts About Continuous Monoids}{section*.36}% 32
\BOOKMARK [1][-]{appendix.B}{APPENDIX B: \040Some Facts About the Braid Group and Braid Monoid}{section*.36}% 33
\BOOKMARK [1][-]{section*.38}{Ambidexterity of `39`42`"613A``45`47`"603AE"0365E2+\(Z\)}{section*.36}% 34
\BOOKMARK [1][-]{section*.39}{Comments About `39`42`"613A``45`47`"603ABraid3 and `39`42`"613A``45`47`"603AE"0365E2+\(Z\)}{section*.36}% 35
\BOOKMARK [1][-]{section*.40}{Group-Completion of `39`42`"613A``45`47`"603AE"0365E2+\(Z\)}{section*.36}% 36
\BOOKMARK [1][-]{section*.41}{Relationship with the Finite Orbit Category of T2}{section*.36}% 37
